<?xml version="1.0" encoding="UTF-8"?>
<testsuite name="sendMail"
           tests="6"
           failures="0"
           errors="0"
           skipped="0"
           time="0.032">
  <properties />
  
  
            <testcase name="Test" time="0.012" classname="testCase.TestHelloWorld" />
                <testcase name="test" time="0.007" classname="testCase.TestHelloWorld" />
                <testcase name="Test3" time="0.002" classname="testCase.TestHelloWorld" />
                <testcase name="Test1" time="0.003" classname="testCase.TestHelloWorld" />
                <testcase name="Test4" time="0.002" classname="testCase.TestHelloWorld" />
                <testcase name="Test2" time="0.006" classname="testCase.TestHelloWorld" />
      
</testsuite>
