<?xml version="1.0" encoding="UTF-8"?>
<testng-results skipped="0" failed="0" ignored="0" total="1" passed="1">
  <reporter-output>
  </reporter-output>
  <suite name="Default suite" duration-ms="88845" started-at="2018-12-10T13:13:51Z" finished-at="2018-12-10T13:15:20Z">
    <groups>
    </groups>
    <test name="Default test" duration-ms="88845" started-at="2018-12-10T13:13:51Z" finished-at="2018-12-10T13:15:20Z">
      <class name="testCase.CustomTest">
        <test-method status="PASS" signature="CustomDo()[pri:0, instance:testCase.CustomTest@2807bdeb]" name="CustomDo" duration-ms="88042" started-at="2018-12-10T13:13:52Z" finished-at="2018-12-10T13:15:20Z">
          <reporter-output>
          </reporter-output>
        </test-method> <!-- CustomDo -->
        <test-method status="PASS" signature="doAfterMethod()[pri:0, instance:testCase.CustomTest@2807bdeb]" name="doAfterMethod" is-config="true" duration-ms="773" started-at="2018-12-10T13:15:20Z" finished-at="2018-12-10T13:15:20Z">
          <reporter-output>
          </reporter-output>
        </test-method> <!-- doAfterMethod -->
      </class> <!-- testCase.CustomTest -->
    </test> <!-- Default test -->
  </suite> <!-- Default suite -->
</testng-results>
